C51 COMPILER V9.59.0.0   ALTERNATING_AND_SHIFTING_LED_AND_7_SEGMEN                         11/18/2023 13:00:39 PAGE 1   


C51 COMPILER V9.59.0.0, COMPILATION OF MODULE ALTERNATING_AND_SHIFTING_LED_AND_7_SEGMEN
OBJECT MODULE PLACED IN .\Objects\Alternating_and_Shifting_LED_and_7_Segment_Display.obj
COMPILER INVOKED BY: C:\Keil_v5\C51\BIN\C51.EXE Alternating_and_Shifting_LED_and_7_Segment_Display.c OPTIMIZE(8,SPEED) B
                    -ROWSE DEBUG OBJECTEXTEND PRINT(.\Listings\Alternating_and_Shifting_LED_and_7_Segment_Display.lst) TABS(2) OBJECT(.\Objec
                    -ts\Alternating_and_Shifting_LED_and_7_Segment_Display.obj)

line level    source

   1          #include<reg51.h>
   2          
   3          
   4          void alternating_LED();
   5          void shifting_LED_right_2_left();
   6          void shifting_LED_left_2_right();
   7          void seven_Segment_Display();
   8          
   9          
  10          sbit sw1 = P1^0;
  11          sbit sw2 = P1^2;
  12          sbit sw3 = P1^4;
  13          sbit sw4 = P1^6;
  14          
  15          
  16          void main()
  17          {
  18   1        P2 = 0x00;
  19   1        P3 = 0xFF;
  20   1        while(1) 
  21   1        {
  22   2          if (sw1 == 0)
  23   2          {
  24   3            alternating_LED();
  25   3            P2 = 0x00;
  26   3          }
  27   2          else if (sw2 == 0)
  28   2          {
  29   3            shifting_LED_right_2_left();
  30   3            P2 = 0x00;
  31   3          }
  32   2          else if (sw3 == 0)
  33   2          {
  34   3            shifting_LED_left_2_right();
  35   3            P2 = 0x00;
  36   3          }
  37   2          else if (sw4 == 0)
  38   2          {
  39   3            seven_Segment_Display();
  40   3            P3 = 0xFF;
  41   3          }
  42   2          else
  43   2          {
  44   3            P2 = 0x00;
  45   3            P3 = 0xFF;
  46   3          }
  47   2        }
  48   1      }
  49          
  50          void alternating_LED()
  51          {
  52   1        unsigned int i;
  53   1        
C51 COMPILER V9.59.0.0   ALTERNATING_AND_SHIFTING_LED_AND_7_SEGMEN                         11/18/2023 13:00:39 PAGE 2   

  54   1        P2 = 0x55;
  55   1        for(i = 0; i<= 40000;i++);
  56   1            
  57   1        P2 = 0xAA;
  58   1        for(i = 0; i<= 40000;i++);
  59   1      }
  60          
  61          void shifting_LED_right_2_left()
  62          {
  63   1        unsigned int i;
  64   1        
  65   1        P2 = 0x01;
  66   1        for(i = 0; i<= 40000;i++);
  67   1          
  68   1        P2 = 0x02;
  69   1        for(i = 0; i<= 40000;i++);
  70   1          
  71   1        P2 = 0x04;
  72   1        for(i = 0; i<= 40000;i++);
  73   1          
  74   1        P2 = 0x08;
  75   1        for(i = 0; i<= 40000;i++);
  76   1          
  77   1        P2 = 0x10;
  78   1        for(i = 0; i<= 40000;i++);
  79   1          
  80   1        P2 = 0x20;
  81   1        for(i = 0; i<= 40000;i++);
  82   1          
  83   1        P2 = 0x40;
  84   1        for(i = 0; i<= 40000;i++);
  85   1          
  86   1        P2 = 0x80;
  87   1        for(i = 0; i<= 40000;i++);
  88   1      }
  89            
  90          void shifting_LED_left_2_right()
  91          {
  92   1        unsigned int i;
  93   1          
  94   1        P2 = 0x80;
  95   1        for(i = 0; i<= 40000;i++);
  96   1        
  97   1        P2 = 0x40;
  98   1        for(i = 0; i<= 40000;i++);
  99   1        
 100   1        P2 = 0x20;
 101   1        for(i = 0; i<= 40000;i++);
 102   1        
 103   1        P2 = 0x10;
 104   1        for(i = 0; i<= 40000;i++);
 105   1        
 106   1        P2 = 0x08;
 107   1        for(i = 0; i<= 40000;i++);
 108   1        
 109   1        P2 = 0x04;
 110   1        for(i = 0; i<= 40000;i++);
 111   1        
 112   1        P2 = 0x02;
 113   1        for(i = 0; i<= 40000;i++);
 114   1        
 115   1        P2 = 0x01;
C51 COMPILER V9.59.0.0   ALTERNATING_AND_SHIFTING_LED_AND_7_SEGMEN                         11/18/2023 13:00:39 PAGE 3   

 116   1        for(i = 0; i<= 40000;i++);
 117   1      }
 118          
 119          
 120          void seven_Segment_Display()
 121          {
 122   1          unsigned int i;
 123   1          P3 = 0xC0;
 124   1          for(i = 0; i<= 40000;i++);
 125   1          
 126   1          P3 = 0xF9;
 127   1          for(i = 0; i<= 40000;i++);
 128   1          
 129   1          P3 = 0xA4;
 130   1          for(i = 0; i<= 40000;i++);
 131   1          
 132   1          P3 = 0xB0;
 133   1          for(i = 0; i<= 40000;i++);
 134   1          
 135   1          P3 = 0x99;
 136   1          for(i = 0; i<= 40000;i++);
 137   1          
 138   1          P3 = 0x92;
 139   1          for(i = 0; i<= 40000;i++);
 140   1          
 141   1          P3 = 0x82;
 142   1          for(i = 0; i<= 40000;i++);
 143   1          
 144   1          P3 = 0xF8;
 145   1          for(i = 0; i<= 40000;i++);
 146   1          
 147   1          P3 = 0x80;
 148   1          for(i = 0; i<= 40000;i++);
 149   1          
 150   1          P3 = 0x90;
 151   1          for(i = 0; i<= 40000;i++);
 152   1          
 153   1          P3 = 0x88;
 154   1          for(i = 0; i<= 40000;i++);
 155   1          
 156   1          P3 = 0x83;
 157   1          for(i = 0; i<= 40000;i++);
 158   1          
 159   1          P3 = 0xC6;
 160   1          for(i = 0; i<= 40000;i++);
 161   1          
 162   1          P3 = 0xA1;
 163   1          for(i = 0; i<= 40000;i++);
 164   1          
 165   1          P3 = 0x86;
 166   1          for(i = 0; i<= 40000;i++);
 167   1          
 168   1          P3 = 0x8E;
 169   1          for(i = 0; i<= 40000;i++);
 170   1      }


MODULE INFORMATION:   STATIC OVERLAYABLE
   CODE SIZE        =   1067    ----
   CONSTANT SIZE    =   ----    ----
   XDATA SIZE       =   ----    ----
   PDATA SIZE       =   ----    ----
C51 COMPILER V9.59.0.0   ALTERNATING_AND_SHIFTING_LED_AND_7_SEGMEN                         11/18/2023 13:00:39 PAGE 4   

   DATA SIZE        =   ----    ----
   IDATA SIZE       =   ----    ----
   BIT SIZE         =   ----    ----
END OF MODULE INFORMATION.


C51 COMPILATION COMPLETE.  0 WARNING(S),  0 ERROR(S)
