C51 COMPILER V9.59.0.0   7_SEGMENT_DISPLAY_ARRAY_PLUS_MINUS                                11/18/2023 12:42:50 PAGE 1   


C51 COMPILER V9.59.0.0, COMPILATION OF MODULE 7_SEGMENT_DISPLAY_ARRAY_PLUS_MINUS
OBJECT MODULE PLACED IN .\Objects\7_Segment_Display_Array_Plus_Minus.obj
COMPILER INVOKED BY: C:\Keil_v5\C51\BIN\C51.EXE 7_Segment_Display_Array_Plus_Minus.c OPTIMIZE(8,SPEED) BROWSE DEBUG OBJE
                    -CTEXTEND PRINT(.\Listings\7_Segment_Display_Array_Plus_Minus.lst) TABS(2) OBJECT(.\Objects\7_Segment_Display_Array_Plus_
                    -Minus.obj)

line level    source

   1          //including required lib's
   2          #include <REGX51.H>
   3          
   4          //sbit decleration
   5          sbit plus = P2^2;
   6          sbit minus = P2^6;
   7          
   8          //forward decleration of user defined funcation
   9          void delay(unsigned int);                                                               //delay funcation with one parameter (proto-type)
  10          
  11          //main funcation
  12          void main()
  13          {
  14   1        //variables decleration and initi.
  15   1        int arr[10] = {0xC0, 0xF9, 0xA4, 0xB0, 0x99, 0x92, 0x82, 0xF8, 0x80, 0x90};           //array which contains 
             -all hex values from 0 to 9
  16   1        int number = 0;                                                                       //local variable
  17   1        
  18   1        //forever loop
  19   1        while(1)                                                                              //or we can use for(;;)
  20   1        {
  21   2          if(plus == 0)                                                                       //if plus (switch) is active low then,
  22   2          {
  23   3            if(number < 9)                                                                    //if number is less then 9
  24   3            {
  25   4              delay(100);                                                                     //calling delay funcation with 100
  26   4              number++;                                                                       //increment of 1
  27   4            }
  28   3            else if (number == 9)                                                             //else if number is equal to 9
  29   3            {
  30   4              delay(100);                                                                     //calling delay funcation with 100
  31   4              number = 9;                                                                     //assign value 9 to number 
  32   4            }
  33   3          }
  34   2          
  35   2          else if (minus == 0)                                                                //else if minus (another switch) is active low then,
  36   2          {
  37   3            if(number > 0)                                                                    //if the number is greater than 0 then,
  38   3            {
  39   4              delay(100);                                                                     //calling delay funcation with 100
  40   4              number--;                                                                       //decrement of 1
  41   4            }
  42   3            else if (number == -1)                                                            //if number value is equal to -1 then,
  43   3            {
  44   4              delay(100);                                                                     //calling delay funcation with 100
  45   4              number = 0;                                                                     //assign value 0 to number
  46   4            } 
  47   3          }
  48   2          
  49   2          P1 = arr[number];                                                                   //the current value of number will call the index val
             -ue of arr and that value will assign to Port 1 (P1)
  50   2        }
  51   1      }
C51 COMPILER V9.59.0.0   7_SEGMENT_DISPLAY_ARRAY_PLUS_MINUS                                11/18/2023 12:42:50 PAGE 2   

  52          
  53          
  54          //funcation defination of user defined funcation
  55          void delay(unsigned int time)                                                           //delay funcation with one parameter called tim
             -e
  56          {
  57   1        unsigned int i,j;                                                                     //decleration of variables inside funcation
  58   1        for( i = 0; i < time; i++)                                                            //for loop
  59   1        {
  60   2          for( j = 0; j < 1000; j++);                                                         //nested for loop
  61   2        }
  62   1      }


MODULE INFORMATION:   STATIC OVERLAYABLE
   CODE SIZE        =    171    ----
   CONSTANT SIZE    =     20    ----
   XDATA SIZE       =   ----    ----
   PDATA SIZE       =   ----    ----
   DATA SIZE        =   ----      22
   IDATA SIZE       =   ----    ----
   BIT SIZE         =   ----    ----
END OF MODULE INFORMATION.


C51 COMPILATION COMPLETE.  0 WARNING(S),  0 ERROR(S)
